<?xml version="1.0" encoding="UTF-8"?>
<!-- Generated by org.testng.reporters.JUnitXMLReporter -->
<testsuite hostname="DESKTOP-G3K482R" ignored="0" name="Test_Chrome" tests="3" failures="0" timestamp="27 Jul 2019 05:39:39 GMT" time="0.235" errors="0">
  <testcase name="@BeforeMethod openApp" time="0.094" classname="generics.Generic_Test">
    <failure type="java.lang.IllegalStateException" message="The driver executable does not exist: D:\E-commerce\Puma\.\drivers.chromedriver.exe">
      <![CDATA[java.lang.IllegalStateException: The driver executable does not exist: D:\E-commerce\Puma\.\drivers.chromedriver.exe
at com.google.common.base.Preconditions.checkState(Preconditions.java:585)
at org.openqa.selenium.remote.service.DriverService.checkExecutable(DriverService.java:137)
at org.openqa.selenium.remote.service.DriverService.findExecutable(DriverService.java:132)
at org.openqa.selenium.chrome.ChromeDriverService.access$000(ChromeDriverService.java:35)
at org.openqa.selenium.chrome.ChromeDriverService$Builder.findDefaultExecutable(ChromeDriverService.java:156)
at org.openqa.selenium.remote.service.DriverService$Builder.build(DriverService.java:346)
at org.openqa.selenium.chrome.ChromeDriverService.createDefaultService(ChromeDriverService.java:91)
at org.openqa.selenium.chrome.ChromeDriver.<init>(ChromeDriver.java:123)
at generics.Generic_Test.openApp(Generic_Test.java:33)
at java.util.concurrent.FutureTask.run(Unknown Source)
at java.util.concurrent.ThreadPoolExecutor.runWorker(Unknown Source)
at java.util.concurrent.ThreadPoolExecutor$Worker.run(Unknown Source)
at java.lang.Thread.run(Unknown Source)
... Removed 19 stack frames]]>
    </failure>
  </testcase> <!-- @BeforeMethod openApp -->
  <testcase name="@AfterMethod closeApp" time="0.0" classname="generics.Generic_Test">
    <skipped/>
  </testcase> <!-- @AfterMethod closeApp -->
  <testcase name="@BeforeMethod openApp" time="0.015" classname="generics.Generic_Test">
    <failure type="java.lang.IllegalStateException" message="The driver executable does not exist: D:\E-commerce\Puma\.\drivers.chromedriver.exe">
      <![CDATA[java.lang.IllegalStateException: The driver executable does not exist: D:\E-commerce\Puma\.\drivers.chromedriver.exe
at com.google.common.base.Preconditions.checkState(Preconditions.java:585)
at org.openqa.selenium.remote.service.DriverService.checkExecutable(DriverService.java:137)
at org.openqa.selenium.remote.service.DriverService.findExecutable(DriverService.java:132)
at org.openqa.selenium.chrome.ChromeDriverService.access$000(ChromeDriverService.java:35)
at org.openqa.selenium.chrome.ChromeDriverService$Builder.findDefaultExecutable(ChromeDriverService.java:156)
at org.openqa.selenium.remote.service.DriverService$Builder.build(DriverService.java:346)
at org.openqa.selenium.chrome.ChromeDriverService.createDefaultService(ChromeDriverService.java:91)
at org.openqa.selenium.chrome.ChromeDriver.<init>(ChromeDriver.java:123)
at generics.Generic_Test.openApp(Generic_Test.java:33)
at java.util.concurrent.FutureTask.run(Unknown Source)
at java.util.concurrent.ThreadPoolExecutor.runWorker(Unknown Source)
at java.util.concurrent.ThreadPoolExecutor$Worker.run(Unknown Source)
at java.lang.Thread.run(Unknown Source)
... Removed 19 stack frames]]>
    </failure>
  </testcase> <!-- @BeforeMethod openApp -->
  <testcase name="@AfterMethod closeApp" time="0.0" classname="generics.Generic_Test">
    <skipped/>
  </testcase> <!-- @AfterMethod closeApp -->
  <testcase name="@BeforeMethod openApp" time="0.016" classname="generics.Generic_Test">
    <failure type="java.lang.IllegalStateException" message="The driver executable does not exist: D:\E-commerce\Puma\.\drivers.chromedriver.exe">
      <![CDATA[java.lang.IllegalStateException: The driver executable does not exist: D:\E-commerce\Puma\.\drivers.chromedriver.exe
at com.google.common.base.Preconditions.checkState(Preconditions.java:585)
at org.openqa.selenium.remote.service.DriverService.checkExecutable(DriverService.java:137)
at org.openqa.selenium.remote.service.DriverService.findExecutable(DriverService.java:132)
at org.openqa.selenium.chrome.ChromeDriverService.access$000(ChromeDriverService.java:35)
at org.openqa.selenium.chrome.ChromeDriverService$Builder.findDefaultExecutable(ChromeDriverService.java:156)
at org.openqa.selenium.remote.service.DriverService$Builder.build(DriverService.java:346)
at org.openqa.selenium.chrome.ChromeDriverService.createDefaultService(ChromeDriverService.java:91)
at org.openqa.selenium.chrome.ChromeDriver.<init>(ChromeDriver.java:123)
at generics.Generic_Test.openApp(Generic_Test.java:33)
at java.util.concurrent.FutureTask.run(Unknown Source)
at java.util.concurrent.ThreadPoolExecutor.runWorker(Unknown Source)
at java.util.concurrent.ThreadPoolExecutor$Worker.run(Unknown Source)
at java.lang.Thread.run(Unknown Source)
... Removed 19 stack frames]]>
    </failure>
  </testcase> <!-- @BeforeMethod openApp -->
  <testcase name="@AfterMethod closeApp" time="0.0" classname="generics.Generic_Test">
    <skipped/>
  </testcase> <!-- @AfterMethod closeApp -->
  <testcase name="testlogintoPuma" time="0.0" classname="scripts.Puma_Test">
    <skipped/>
  </testcase> <!-- testlogintoPuma -->
  <testcase name="testlogintoPuma" time="0.0" classname="scripts.HomepageVerify">
    <skipped/>
  </testcase> <!-- testlogintoPuma -->
  <testcase name="testAddtoBag" time="0.0" classname="scripts.AddtoBag">
    <skipped/>
  </testcase> <!-- testAddtoBag -->
</testsuite> <!-- Test_Chrome -->
